<?xml version="1.0" encoding="UTF-8"?>
<!-- Generated by org.testng.reporters.JUnitXMLReporter -->
<testsuite ignored="0" hostname="DESKTOP-479UF7K" failures="0" tests="4" name="Test" time="12.93" errors="0" timestamp="2025-08-03T15:50:55 IST">
  <testcase classname="tests.userTest2" name="testPostUser" time="4.993"/>
  <testcase classname="tests.userTest2" name="testGetUserByName" time="1.788"/>
  <testcase classname="tests.userTest2" name="testUpdateUserByName" time="3.189"/>
  <testcase classname="tests.userTest2" name="testDeleteUserByName" time="1.642"/>
</testsuite> <!-- Test -->
