<?xml version="1.0" encoding="UTF-8"?>
<!-- Generated by org.testng.reporters.JUnitXMLReporter -->
<testsuite ignored="0" hostname="DESKTOP-479UF7K" failures="0" tests="10" name="Test1_parallel" time="30.791" errors="0" timestamp="2025-08-06T12:30:53 IST">
  <testcase classname="tests.DdUserTest" name="testPostUser" time="3.922"/>
  <testcase classname="tests.userTest2" name="testPostUser" time="5.63"/>
  <testcase classname="tests.DdUserTest" name="testPostUser" time="1.222"/>
  <testcase classname="tests.userTest2" name="testGetUserByName" time="1.229"/>
  <testcase classname="tests.DdUserTest" name="testPostUser" time="1.165"/>
  <testcase classname="tests.DdUserTest" name="testDeleteUserByName" time="1.149"/>
  <testcase classname="tests.userTest2" name="testUpdateUserByName" time="2.364"/>
  <testcase classname="tests.userTest2" name="testDeleteUserByName" time="1.189"/>
  <testcase classname="tests.DdUserTest" name="testDeleteUserByName" time="7.346"/>
  <testcase classname="tests.DdUserTest" name="testDeleteUserByName" time="13.428"/>
</testsuite> <!-- Test1_parallel -->
