<?xml version="1.0" encoding="UTF-8"?>
<!-- Generated by org.testng.reporters.JUnitXMLReporter -->
<testsuite ignored="0" hostname="DESKTOP-479UF7K" failures="0" tests="6" name="Test" time="13.9" errors="0" timestamp="2025-08-03T23:56:01 IST">
  <testcase classname="tests.DdUserTest" name="testPostUser" time="4.607"/>
  <testcase classname="tests.DdUserTest" name="testPostUser" time="1.634"/>
  <testcase classname="tests.DdUserTest" name="testPostUser" time="1.612"/>
  <testcase classname="tests.DdUserTest" name="testDeleteUserByName" time="1.597"/>
  <testcase classname="tests.DdUserTest" name="testDeleteUserByName" time="1.645"/>
  <testcase classname="tests.DdUserTest" name="testDeleteUserByName" time="1.574"/>
</testsuite> <!-- Test -->
