<?xml version="1.0" encoding="UTF-8"?>
<testng-results ignored="0" total="4" passed="4" failed="0" skipped="0">
  <reporter-output>
  </reporter-output>
  <suite started-at="2025-08-03T15:50:41 IST" name="Suite" finished-at="2025-08-03T15:50:54 IST" duration-ms="12930">
    <groups>
    </groups>
    <test started-at="2025-08-03T15:50:41 IST" name="Test" finished-at="2025-08-03T15:50:54 IST" duration-ms="12930">
      <class name="tests.userTest2">
        <test-method is-config="true" signature="setUpData()[pri:0, instance:tests.userTest2@710f4dc7]" started-at="2025-08-03T15:50:41 IST" name="setUpData" finished-at="2025-08-03T15:50:42 IST" duration-ms="949" status="PASS">
          <reporter-output>
          </reporter-output>
        </test-method> <!-- setUpData -->
        <test-method signature="testPostUser()[pri:1, instance:tests.userTest2@710f4dc7]" started-at="2025-08-03T15:50:42 IST" name="testPostUser" finished-at="2025-08-03T15:50:47 IST" duration-ms="4993" status="PASS">
          <reporter-output>
          </reporter-output>
        </test-method> <!-- testPostUser -->
        <test-method signature="testGetUserByName()[pri:2, instance:tests.userTest2@710f4dc7]" started-at="2025-08-03T15:50:47 IST" name="testGetUserByName" finished-at="2025-08-03T15:50:49 IST" duration-ms="1788" status="PASS">
          <reporter-output>
          </reporter-output>
        </test-method> <!-- testGetUserByName -->
        <test-method signature="testUpdateUserByName()[pri:3, instance:tests.userTest2@710f4dc7]" started-at="2025-08-03T15:50:49 IST" name="testUpdateUserByName" finished-at="2025-08-03T15:50:52 IST" duration-ms="3189" status="PASS">
          <reporter-output>
          </reporter-output>
        </test-method> <!-- testUpdateUserByName -->
        <test-method signature="testDeleteUserByName()[pri:4, instance:tests.userTest2@710f4dc7]" started-at="2025-08-03T15:50:52 IST" name="testDeleteUserByName" finished-at="2025-08-03T15:50:54 IST" duration-ms="1642" status="PASS">
          <reporter-output>
          </reporter-output>
        </test-method> <!-- testDeleteUserByName -->
      </class> <!-- tests.userTest2 -->
    </test> <!-- Test -->
  </suite> <!-- Suite -->
</testng-results>
