<?xml version="1.0" encoding="UTF-8"?>
<!-- Generated by org.testng.reporters.JUnitXMLReporter -->
<testsuite ignored="0" hostname="DESKTOP-479UF7K" failures="4" tests="4" name="Cucumber Tests" time="8.207" errors="0" timestamp="2025-08-02T23:59:30 IST">
  <testcase classname="io.cucumber.testng.AbstractTestNGCucumberTests" name="runScenario" time="4.136">
    <failure type="java.lang.NullPointerException" message="Cannot invoke &amp;quot;org.apache.logging.log4j.Logger.info(String)&amp;quot; because &amp;quot;logger&amp;quot; is null">
      <![CDATA[java.lang.NullPointerException: Cannot invoke "org.apache.logging.log4j.Logger.info(String)" because "logger" is null
at utilties.RetryUtil.retryRequest(RetryUtil.java:30)
at endpoints.UserEndpoints2.createUser(UserEndpoints2.java:23)
at stepDefinition.UserStepDefs.i_create_the_user(UserStepDefs.java:29)
at ✽.I create the user(file:///C:/Users/User/Documents/Kashish%20Workspace/src/test/resources/features/User.feature:5)
]]>
    </failure>
  </testcase> <!-- runScenario -->
  <testcase classname="io.cucumber.testng.AbstractTestNGCucumberTests" name="runScenario" time="1.702">
    <failure type="java.lang.NullPointerException" message="Cannot invoke &amp;quot;org.apache.logging.log4j.Logger.info(String)&amp;quot; because &amp;quot;logger&amp;quot; is null">
      <![CDATA[java.lang.NullPointerException: Cannot invoke "org.apache.logging.log4j.Logger.info(String)" because "logger" is null
at utilties.RetryUtil.retryRequest(RetryUtil.java:30)
at endpoints.UserEndpoints2.readUser(UserEndpoints2.java:39)
at stepDefinition.UserStepDefs.i_retrieve_the_user_details(UserStepDefs.java:46)
at ✽.I retrieve the user details(file:///C:/Users/User/Documents/Kashish%20Workspace/src/test/resources/features/User.feature:14)
]]>
    </failure>
  </testcase> <!-- runScenario -->
  <testcase classname="io.cucumber.testng.AbstractTestNGCucumberTests" name="runScenario" time="1.597">
    <failure type="java.lang.NullPointerException" message="Cannot invoke &amp;quot;org.apache.logging.log4j.Logger.info(String)&amp;quot; because &amp;quot;logger&amp;quot; is null">
      <![CDATA[java.lang.NullPointerException: Cannot invoke "org.apache.logging.log4j.Logger.info(String)" because "logger" is null
at utilties.RetryUtil.retryRequest(RetryUtil.java:30)
at endpoints.UserEndpoints2.updateUser(UserEndpoints2.java:53)
at stepDefinition.UserStepDefs.i_update_the_user(UserStepDefs.java:66)
at ✽.I update the user(file:///C:/Users/User/Documents/Kashish%20Workspace/src/test/resources/features/User.feature:24)
]]>
    </failure>
  </testcase> <!-- runScenario -->
  <testcase classname="io.cucumber.testng.AbstractTestNGCucumberTests" name="runScenario" time="0.007">
    <failure type="java.lang.NullPointerException" message="Cannot invoke &amp;quot;payloads.User.setUsername(String)&amp;quot; because &amp;quot;this.userPayload&amp;quot; is null">
      <![CDATA[java.lang.NullPointerException: Cannot invoke "payloads.User.setUsername(String)" because "this.userPayload" is null
at stepDefinition.UserStepDefs.i_have_a_username_to_delete(UserStepDefs.java:72)
at ✽.I have a username "john_doe_88" to delete(file:///C:/Users/User/Documents/Kashish%20Workspace/src/test/resources/features/User.feature:32)
]]>
    </failure>
  </testcase> <!-- runScenario -->
</testsuite> <!-- Cucumber Tests -->
